06/21/2016 1:03 PM                                       Sluggo and Sons                                                     Page 1
                                                        Nice Report Title                                                          
                                     First      Second       Third              
ID        Product                   Number      Number      Number         Total
997065799 Clam Chowda                8,882    8,372.85   9,985.779        27,240
991422210 Ice Cream Sundae           1,045    2,429.19   9,152.368        12,626
995910358 Philly Cheese Steak        2,317    4,455.36     744.924         7,518
996314223 Ice Cream Sundae           8,801    4,229.99   8,365.731        21,396
999028829 Greasy Sandwich            5,697    8,409.28   3,893.093        17,999
993648981 Greasy Sandwich            7,047    6,490.13   1,098.051        14,635
991940935 Burger and Fries           4,331    8,206.25     275.167        12,812
99 689943 Philly Cheese Steak        4,744    8,064.11   1,374.529        14,182
999988959 Tuna Salad on Rye          9,099    1,834.05   4,089.889        15,023
99 418479 Ham & Eggs                 4,852    1,451.91   4,163.580        10,468
992264830 Ham & Eggs                 7,027    7,555.02   9,824.422        24,407
997433920 Ham Grinder                2,829    8,129.93   6,434.337        17,393
99  39777 Donut                      4,245    3,420.98   5,808.836        13,474
994781951 Italian Hoagie             9,489    8,870.66   9,330.799        27,691
993173105 Burger and Fries           2,829    6,569.80   8,082.259        17,481
996437917 Ham Grinder                  355    6,782.76   5,772.975        12,911
99 476659 Ham Grinder                9,249    6,609.11   7,182.663        23,041
992671586 Milk & Cookies             7,587    3,214.85   2,600.642        13,402
992511543 Milk & Cookies             9,325    7,414.85   3,357.559        20,097
998019958 Greasy Sandwich            7,376    1,098.03   5,408.575        13,883
997793649 Italian Hoagie             6,451    7,022.60     167.051        13,640
994094660 Milk & Cookies             8,027    7,143.08   4,299.376        19,470
995884565 Ham & Eggs                 1,829    5,421.91      37.013         7,288
991950503 Ham & Eggs                   838    7,385.85     418.243         8,643
993344415 Milk & Cookies             4,305    7,256.14   8,128.366        19,689
991241757 Donut                      9,633    8,133.08   1,422.311        19,188
991023211 Ice Cream Sundae             184    6,370.36     863.700         7,418
995892704 Tuna Salad on Rye          4,906    2,671.01   5,111.426        12,689
993667258 Milk & Cookies             5,484    3,041.48   5,420.717        13,947
998509045 Greasy Sandwich            2,149      972.27      21.453         3,143
                                ==========  ==========  ==========    ==========
TOTAL                              160,931  169,026.89 132,835.836       462,794


















                                                              Page 1                                                               
