07/01/2016 11:36 AM               University of Vermont                              Page 1
                                       Hold Report                                         
ID        Name                      Acct Bal Hold        Amount FAF Lvl From Date   Cls Sts
953394166 Aydelott, Hayley I           85.00 SH           85.00     UG  18-MAY-2016 04  PC 
951938391 Bradley, Jessica L.         500.00 SH          500.00     UG  01-NOV-2013 04  PC 
954340904 Brown, Caleb W               50.00 SH           50.00     UG  18-MAY-2016 04  PC 
953743414 Chamberlin, Emily Louise     90.00 SH           90.00 N   UG  11-MAY-2016 04  PC 
952158424 Cleverly, Hayden May     21,226.00 SH       21,226.00     UG  14-MAR-2016 04  AS 
953408292 Colfer, Charles J           179.00 SH          179.00     UG  15-MAR-2016 04  PC 
954082879 Connor, Rose A              165.00 SH          165.00     UG  14-MAR-2016 04  PC 
954848664 Cude, Katherine Ann          15.00 SH           15.00     UG  14-MAR-2016 04  PC 
950413135 Davis, Ian Dunmore           60.00 SH           60.00     GR  18-MAY-2016 10  PC 
953839535 DeTar, Leah Anne            110.00 SH          110.00     UG  11-MAY-2016 04  PC 
953322877 Diambou, Vanessa Moulamb    910.00 SH          910.00     UG  14-MAR-2016 04  AS 
954989387 Elliott, Leigh Victoria      50.00 SH           50.00     GR  11-MAY-2016 10  PC 
950389573 Farran, Ryan Patrick         29.00 SH           29.00     GR  14-MAR-2016 10  PC 
953823303 Fierro, Sofia I              30.00 SH           30.00     UG  18-MAY-2016 04  PC 
954972226 Gallagher, Sarah Catheri     24.00 SH           24.00     GR  14-MAR-2016 10  PC 
953801462 Gruer, Theodore Isaac        25.00 SH           25.00     UG  18-MAY-2016 04  PC 
953807624 Hall, Michaela G             55.00 SH           55.00     UG  14-MAR-2016 04  PC 
953321489 Harrison, Martin Owen        50.00 SH           50.00     UG  18-MAY-2016 04  PC 
953227086 Ivanciu, Alexandra M         31.00 SH           31.00     UG  11-MAY-2016 04  PC 
953939330 Johnson, Blair Arthur        20.00 SH           20.00     UG  18-APR-2016 04  PC 
953897618 Kennett, Dominic Lee        128.00 SH          128.00     UG  14-MAR-2016 04  PC 
953442180 Klopfer, Connor L            50.00 SH           50.00     UG  18-MAY-2016 04  PC 
954996855 Loescher, Timothy Edward     24.00 SH           24.00     GR  14-MAR-2016 10  PC 
953913439 Logozzo, Gabrielle Noel      50.00 SH           50.00     UG  11-MAY-2016 04  PC 
955300347 Mango, John Nicholas         18.00 SH           18.00     GR  14-MAR-2016 10  AS 
953353169 Meli, Albin                  25.00 SH           25.00     UG  11-MAY-2016 04  PC 
953269541 Miller, Justine Margaret     55.00 SH           55.00     UG  18-MAY-2016 04  PC 
953520798 Minkin, Audrey P.            65.00 SH           65.00     UG  15-APR-2016 04  PC 
953942334 O'Dwyer, Thomas Patrick     145.00 SH          145.00     UG  14-MAR-2016 04  PC 
953097014 Olson, Emily Elizabeth       30.00 SH           30.00     UG  18-MAY-2016 04  PC 
954976329 Ortiz, Gerardo Anibal        24.00 SH           24.00     GR  14-MAR-2016 10  PC 
953657065 Piette, Sara Elizabeth      642.00 SH          642.00     UG  18-MAY-2016 04  PC 
950418583 Rouleau, Emily Lynn          74.00 SH           74.00     GR  14-MAR-2016 10  PC 
952589192 Siebenaler, Gail Gabriel     30.00 SH           30.00     UG  18-MAY-2016 04  PC 
952893590 Silverberg, Julie Sattle     80.00 SH           80.00     UG  11-MAY-2016 04  PC 
953636628 Springer, Troy James        140.00 SH          140.00     UG  14-MAR-2016 04  PC 
953666188 Torde, Frederick Leopold     50.00 SH           50.00     UG  14-MAR-2016 04  PC 
953891915 Valenti, Matthew James       80.00 SH           80.00     UG  29-APR-2016 04  PC 
956302908 Warhall, Dillon J            60.00 SH           60.00     GR  11-MAY-2016 10  PC 
955555105 Woodhouse, Valerie Eliza     10.00 SH           10.00 N   GR  08-APR-2016 10  PC 
953941256 Yeigh, Megan Elizabeth       85.00 SH           85.00     UG  11-MAY-2016 04  PC 
Accounts: 41
Holds:    41




                               Generated by OPS$MLM at AIST                                
